TN:
SF:src\modules\appointments\services\CreateAppointmentService.ts
FN:18,(anonymous_18)
FN:22,CreateAppointmentsService
FN:33,(anonymous_20)
FNF:3
FNH:3
FNDA:1,(anonymous_18)
FNDA:2,CreateAppointmentsService
FNDA:3,(anonymous_20)
DA:1,1
DA:2,1
DA:5,1
DA:18,1
DA:27,2
DA:33,3
DA:34,3
DA:36,3
DA:38,3
DA:39,1
DA:42,2
DA:46,2
DA:48,1
DA:49,1
LF:14
LH:14
BRDA:38,0,0,1
BRDA:38,0,1,2
BRF:2
BRH:2
end_of_record
TN:
SF:src\modules\users\services\AuthentcateCreateSession.ts
FN:23,(anonymous_18)
FN:27,AutenticanteCreateSession
FN:39,(anonymous_20)
FNF:3
FNH:3
FNDA:1,(anonymous_18)
FNDA:3,AutenticanteCreateSession
FNDA:3,(anonymous_20)
DA:1,1
DA:2,1
DA:4,1
DA:8,1
DA:23,1
DA:32,3
DA:35,3
DA:39,3
DA:41,3
DA:43,3
DA:44,1
DA:46,2
DA:49,2
DA:50,1
DA:53,1
DA:58,1
DA:63,1
DA:65,1
LF:18
LH:18
BRDA:41,0,0,3
BRDA:43,1,0,1
BRDA:43,1,1,2
BRDA:49,2,0,1
BRDA:49,2,1,1
BRF:5
BRH:5
end_of_record
TN:
SF:src\modules\users\services\CreateUserService.ts
FN:13,(anonymous_18)
FN:17,CreateUserService
FN:29,(anonymous_20)
FNF:3
FNH:3
FNDA:2,(anonymous_18)
FNDA:4,CreateUserService
FNDA:5,(anonymous_20)
DA:2,2
DA:3,2
DA:13,2
DA:22,4
DA:25,4
DA:29,5
DA:30,5
DA:32,5
DA:33,1
DA:35,4
DA:37,4
DA:42,4
DA:44,2
DA:46,2
LF:14
LH:14
BRDA:30,0,0,5
BRDA:32,1,0,1
BRDA:32,1,1,4
BRF:3
BRH:3
end_of_record
TN:
SF:src\modules\users\services\ForgotPasswordEmailService.ts
FN:12,(anonymous_18)
FN:16,SendForgotPasswordEmailService
FN:29,(anonymous_20)
FNF:3
FNH:3
FNDA:1,(anonymous_18)
FNDA:2,SendForgotPasswordEmailService
FNDA:2,(anonymous_20)
DA:4,1
DA:5,1
DA:12,1
DA:21,2
DA:25,2
DA:29,2
DA:30,2
DA:32,2
DA:33,1
DA:36,1
DA:38,1
DA:40,1
LF:12
LH:12
BRDA:30,0,0,2
BRDA:32,1,0,1
BRDA:32,1,1,1
BRF:3
BRH:3
end_of_record
TN:
SF:src\modules\users\services\UpdateUserAvatarService.ts
FN:13,(anonymous_18)
FN:17,UpdateUserAvatarService
FN:29,(anonymous_20)
FNF:3
FNH:3
FNDA:1,(anonymous_18)
FNDA:3,UpdateUserAvatarService
FNDA:4,(anonymous_20)
DA:1,1
DA:2,1
DA:13,1
DA:22,3
DA:25,3
DA:29,4
DA:30,4
DA:31,4
DA:32,1
DA:34,5
DA:36,2
DA:39,3
DA:41,3
DA:43,6
DA:45,3
DA:47,1
DA:49,1
LF:17
LH:17
BRDA:30,0,0,4
BRDA:30,0,1,3
BRDA:31,1,0,1
BRDA:31,1,1,3
BRDA:34,2,0,2
BRDA:34,2,1,1
BRF:6
BRH:6
end_of_record
