TN:
SF:src\modules\appointments\services\CreateAppointmentService.ts
FN:18,(anonymous_18)
FN:22,CreateAppointmentsService
FN:33,(anonymous_20)
FNF:3
FNH:0
FNDA:0,(anonymous_18)
FNDA:0,CreateAppointmentsService
FNDA:0,(anonymous_20)
DA:1,0
DA:2,0
DA:5,0
DA:18,0
DA:27,0
DA:33,0
DA:34,0
DA:36,0
DA:38,0
DA:39,0
DA:42,0
DA:46,0
DA:48,0
DA:49,0
LF:14
LH:0
BRDA:38,0,0,0
BRDA:38,0,1,0
BRF:2
BRH:0
end_of_record
TN:
SF:src\modules\users\services\AuthentcateCreateSession.ts
FN:23,(anonymous_18)
FN:27,AutenticanteCreateSession
FN:39,(anonymous_20)
FNF:3
FNH:0
FNDA:0,(anonymous_18)
FNDA:0,AutenticanteCreateSession
FNDA:0,(anonymous_20)
DA:1,0
DA:2,0
DA:4,0
DA:8,0
DA:23,0
DA:32,0
DA:35,0
DA:39,0
DA:41,0
DA:43,0
DA:44,0
DA:46,0
DA:49,0
DA:50,0
DA:53,0
DA:58,0
DA:63,0
DA:65,0
LF:18
LH:0
BRDA:41,0,0,0
BRDA:43,1,0,0
BRDA:43,1,1,0
BRDA:49,2,0,0
BRDA:49,2,1,0
BRF:5
BRH:0
end_of_record
TN:
SF:src\modules\users\services\CreateUserService.ts
FN:13,(anonymous_18)
FN:17,CreateUserService
FN:29,(anonymous_20)
FNF:3
FNH:0
FNDA:0,(anonymous_18)
FNDA:0,CreateUserService
FNDA:0,(anonymous_20)
DA:2,0
DA:3,0
DA:13,0
DA:22,0
DA:25,0
DA:29,0
DA:30,0
DA:32,0
DA:33,0
DA:35,0
DA:37,0
DA:42,0
DA:44,0
DA:46,0
LF:14
LH:0
BRDA:30,0,0,0
BRDA:32,1,0,0
BRDA:32,1,1,0
BRF:3
BRH:0
end_of_record
TN:
SF:src\modules\users\services\ForgotPasswordEmailService.ts
FN:11,(anonymous_17)
FN:15,SendForgotPasswordEmailService
FN:28,(anonymous_19)
FNF:3
FNH:3
FNDA:1,(anonymous_17)
FNDA:1,SendForgotPasswordEmailService
FNDA:1,(anonymous_19)
DA:4,1
DA:11,1
DA:20,1
DA:24,1
DA:28,1
DA:29,1
DA:31,1
DA:33,1
LF:8
LH:8
BRF:0
BRH:0
end_of_record
TN:
SF:src\modules\users\services\UpdateUserAvatarService.ts
FN:13,(anonymous_18)
FN:17,UpdateUserAvatarService
FN:29,(anonymous_20)
FNF:3
FNH:0
FNDA:0,(anonymous_18)
FNDA:0,UpdateUserAvatarService
FNDA:0,(anonymous_20)
DA:1,0
DA:2,0
DA:13,0
DA:22,0
DA:25,0
DA:29,0
DA:30,0
DA:31,0
DA:32,0
DA:34,0
DA:36,0
DA:39,0
DA:41,0
DA:43,0
DA:45,0
DA:47,0
DA:49,0
LF:17
LH:0
BRDA:30,0,0,0
BRDA:30,0,1,0
BRDA:31,1,0,0
BRDA:31,1,1,0
BRDA:34,2,0,0
BRDA:34,2,1,0
BRF:6
BRH:0
end_of_record
